0 info it worked if it ends with ok
1 verbose cli [ 'C:\\Program Files\\nodejs\\\\node.exe',
1 verbose cli   'C:\\Program Files\\nodejs\\node_modules\\npm\\bin\\npm-cli.js',
1 verbose cli   'install',
1 verbose cli   '-g',
1 verbose cli   'ruby' ]
2 info using npm@1.1.45
3 info using node@v0.8.4
4 verbose node symlink C:\Program Files\nodejs\\node.exe
5 verbose config file C:\Users\Tony\.npmrc
6 verbose config file C:\Program Files\nodejs\etc\npmrc
7 verbose config file C:\Program Files\nodejs\node_modules\npm\npmrc
8 verbose read json C:\Users\Tony\AppData\Roaming\npm\package.json
9 verbose read json C:\Users\Tony\AppData\Roaming\npm\package.json
10 verbose cache add [ 'ruby', null ]
11 silly cache add name=undefined spec="ruby" args=["ruby",null]
12 verbose parsed url { pathname: 'ruby', path: 'ruby', href: 'ruby' }
13 silly lockFile 18e40e14-ruby ruby
14 verbose lock ruby C:\Users\Tony\AppData\Roaming\npm-cache\18e40e14-ruby.lock
15 silly lockFile 18e40e14-ruby ruby
16 verbose addNamed [ 'ruby', '' ]
17 verbose addNamed [ null, '' ]
18 silly lockFile f07098c3-ruby ruby@
19 verbose lock ruby@ C:\Users\Tony\AppData\Roaming\npm-cache\f07098c3-ruby.lock
20 silly addNameRange { name: 'ruby', range: '', hasData: false }
21 verbose url raw ruby
22 verbose url resolving [ 'https://registry.npmjs.org/', './ruby' ]
23 verbose url resolved https://registry.npmjs.org/ruby
24 info retry registry request attempt 1 at 13:08:00
25 http GET https://registry.npmjs.org/ruby
26 http 404 https://registry.npmjs.org/ruby
27 silly registry.get cb [ 404,
27 silly registry.get   { server: 'CouchDB/1.3.0 (Erlang OTP/R15B03)',
27 silly registry.get     date: 'Sat, 17 Aug 2013 17:08:01 GMT',
27 silly registry.get     'content-type': 'application/json',
27 silly registry.get     'content-length': '52',
27 silly registry.get     'cache-control': 'must-revalidate' } ]
28 silly lockFile f07098c3-ruby ruby@
29 error 404 'ruby' is not in the npm registry.
29 error 404 You should bug the author to publish it
29 error 404
29 error 404 Note that you can also install from a
29 error 404 tarball, folder, or http url, or git url.
30 error System Windows_NT 6.2.9200
31 error command "C:\\Program Files\\nodejs\\\\node.exe" "C:\\Program Files\\nodejs\\node_modules\\npm\\bin\\npm-cli.js" "install" "-g" "ruby"
32 error cwd C:\Tony\Projects\Tony-Mean-Play
33 error node -v v0.8.4
34 error npm -v 1.1.45
35 error code E404
36 verbose exit [ 1, true ]
